<?xml version="1.0" encoding="UTF-8"?>
<!-- Generated by org.testng.reporters.JUnitReportReporter -->
<testsuite skipped="0" hostname="LAPTOP-CLIP7DDS" name="Login.Logincode" tests="5" failures="0" timestamp="2021-04-02T21:33:54 IST" time="44.353" errors="0">
  <testcase name="password" time="0.266" classname="Login.Logincode"/>
  <system-out/>
  <testcase name="gettitle" time="13.188" classname="Login.Logincode"/>
  <system-out/>
  <testcase name="tofield" time="0.321" classname="Login.Logincode"/>
  <system-out/>
  <testcase name="loginbutton" time="0.193" classname="Login.Logincode"/>
  <system-out/>
  <testcase name="password1" time="30.385" classname="Login.Logincode"/>
  <system-out/>
</testsuite> <!-- Login.Logincode -->
